c:\users\ynoe3\onedrive\desktop\객체 2\my_pratice\2d_shoot_effect_yes\oop1_with_collidable\oop1\x64\debug\vc143.pdb
c:\users\ynoe3\onedrive\desktop\객체 2\my_pratice\2d_shoot_effect_yes\oop1_with_collidable\oop1\x64\debug\vc143.idb
c:\users\ynoe3\onedrive\desktop\객체 2\my_pratice\2d_shoot_effect_yes\oop1_with_collidable\oop1\x64\debug\utils.obj
c:\users\ynoe3\onedrive\desktop\객체 2\my_pratice\2d_shoot_effect_yes\oop1_with_collidable\oop1\x64\debug\player.obj
c:\users\ynoe3\onedrive\desktop\객체 2\my_pratice\2d_shoot_effect_yes\oop1_with_collidable\oop1\x64\debug\particlebullet.obj
c:\users\ynoe3\onedrive\desktop\객체 2\my_pratice\2d_shoot_effect_yes\oop1_with_collidable\oop1\x64\debug\main.obj
c:\users\ynoe3\onedrive\desktop\객체 2\my_pratice\2d_shoot_effect_yes\oop1_with_collidable\oop1\x64\debug\inputmanager.obj
c:\users\ynoe3\onedrive\desktop\객체 2\my_pratice\2d_shoot_effect_yes\oop1_with_collidable\oop1\x64\debug\icollidable.obj
c:\users\ynoe3\onedrive\desktop\객체 2\my_pratice\2d_shoot_effect_yes\oop1_with_collidable\oop1\x64\debug\gameobject.obj
c:\users\ynoe3\onedrive\desktop\객체 2\my_pratice\2d_shoot_effect_yes\oop1_with_collidable\oop1\x64\debug\enemy.obj
c:\users\ynoe3\onedrive\desktop\객체 2\my_pratice\2d_shoot_effect_yes\oop1_with_collidable\oop1\x64\debug\canvas.obj
c:\users\ynoe3\onedrive\desktop\객체 2\my_pratice\2d_shoot_effect_yes\oop1_with_collidable\oop1\x64\debug\bullet.obj
c:\users\ynoe3\onedrive\desktop\객체 2\my_pratice\2d_shoot_effect_yes\oop1_with_collidable\oop1\x64\debug\blinkableplayer.obj
c:\users\ynoe3\onedrive\desktop\객체 2\my_pratice\2d_shoot_effect_yes\oop1_with_collidable\oop1\x64\debug\oop1.ilk
c:\users\ynoe3\onedrive\desktop\객체 2\my_pratice\2d_shoot_effect_yes\oop1_with_collidable\x64\debug\oop1.pdb
c:\users\ynoe3\onedrive\desktop\객체 2\my_pratice\2d_shoot_effect_yes\oop1_with_collidable\x64\debug\oop1.exe
c:\users\ynoe3\onedrive\desktop\객체 2\my_pratice\2d_shoot_effect_yes\oop1_with_collidable\oop1\x64\debug\oop1.tlog\cl.command.1.tlog
c:\users\ynoe3\onedrive\desktop\객체 2\my_pratice\2d_shoot_effect_yes\oop1_with_collidable\oop1\x64\debug\oop1.tlog\cl.read.1.tlog
c:\users\ynoe3\onedrive\desktop\객체 2\my_pratice\2d_shoot_effect_yes\oop1_with_collidable\oop1\x64\debug\oop1.tlog\cl.write.1.tlog
c:\users\ynoe3\onedrive\desktop\객체 2\my_pratice\2d_shoot_effect_yes\oop1_with_collidable\oop1\x64\debug\oop1.tlog\link.command.1.tlog
c:\users\ynoe3\onedrive\desktop\객체 2\my_pratice\2d_shoot_effect_yes\oop1_with_collidable\oop1\x64\debug\oop1.tlog\link.read.1.tlog
c:\users\ynoe3\onedrive\desktop\객체 2\my_pratice\2d_shoot_effect_yes\oop1_with_collidable\oop1\x64\debug\oop1.tlog\link.write.1.tlog
